<?xml version="1.0" encoding="UTF-8"?>
<!-- Generated by org.testng.reporters.JUnitReportReporter -->
<testsuite hostname="LAPTOP-2V9L1SIG" failures="0" tests="1" name="Base.WindowHandleTest" time="12.341" errors="0" timestamp="2021-05-18T21:59:07 IST" skipped="0">
  <testcase classname="Base.WindowHandleTest" name="firstPageNavigation" time="12.341"/>
  <system-out/>
</testsuite> <!-- Base.WindowHandleTest -->
