<?xml version="1.0" encoding="UTF-8"?>
<!-- Generated by org.testng.reporters.JUnitReportReporter -->
<testsuite hostname="LAPTOP-2V9L1SIG" failures="0" tests="3" name="Base.LoginP" time="5.045" errors="0" timestamp="2021-05-18T20:17:11 IST" skipped="0">
  <testcase classname="Base.LoginP" name="secondPageNavigation" time="0.593"/>
  <system-out/>
  <testcase classname="Base.LoginP" name="secondPageNavigation" time="3.399"/>
  <system-out/>
  <testcase classname="Base.LoginP" name="secondPageNavigation" time="1.053"/>
  <system-out/>
</testsuite> <!-- Base.LoginP -->
