<?xml version="1.0" encoding="UTF-8"?>
<!-- Generated by org.testng.reporters.JUnitReportReporter -->
<testsuite hostname="LAPTOP-2V9L1SIG" failures="0" tests="1" name="Base.TableValidation" time="2.864" errors="0" timestamp="2021-06-03T11:28:51 IST" skipped="0">
  <testcase classname="Base.TableValidation" name="firstPageNavigation" time="2.864"/>
  <system-out/>
</testsuite> <!-- Base.TableValidation -->
